2023-03-07 05:07:10,978 [Worker-4: Loading available Gradle versions] INFO  o.e.b.c.i.u.g.PublishedGradleVersions - Gradle version information cache is up-to-date. Trying to read.
2023-03-07 05:07:17,418 [Worker-8: Deferred Early Start] INFO  o.a.h.c.h.i.c.HttpRequestRetryExec - Recoverable I/O exception (java.net.SocketException) caught when processing request to {tls}->http://127.0.0.1:51837->https://www.eclipse.org:443
2023-03-07 06:00:47,469 [Worker-37: Import Getting Started Content] INFO  o.e.m.c.i.l.LifecycleMappingFactory - Using org.eclipse.m2e.jdt.JarLifecycleMapping lifecycle mapping for MavenProject: com.craft-Department-service:Department-service:0.0.1-SNAPSHOT @ C:\craft\java-full-stack-main\CapStone Project\Team\Department-service\pom.xml.
2023-03-07 06:00:51,828 [Worker-37: Import Getting Started Content] INFO  o.e.m.j.i.AbstractJavaProjectConfigurator - Adding source folder /Department-service/src/main/java
2023-03-07 06:00:51,828 [Worker-37: Import Getting Started Content] INFO  o.e.m.j.i.AbstractJavaProjectConfigurator - Adding resource folder /Department-service/src/main/resources
2023-03-07 06:00:51,835 [Worker-37: Import Getting Started Content] INFO  o.e.m.j.i.AbstractJavaProjectConfigurator - Adding resource folder /Department-service/src/main/resources
2023-03-07 06:00:51,847 [Worker-37: Import Getting Started Content] INFO  o.e.m.j.i.AbstractJavaProjectConfigurator - Adding source folder /Department-service/src/test/java
2023-03-07 06:00:54,575 [Worker-37: Import Getting Started Content] INFO  o.a.m.s.f.DefaultMavenResourcesFiltering - Copying 1 resource
2023-03-07 06:00:54,601 [Worker-37: Import Getting Started Content] INFO  o.a.m.s.f.DefaultMavenResourcesFiltering - Copying 0 resource
2023-03-07 06:00:54,607 [Worker-37: Import Getting Started Content] INFO  o.a.m.s.f.DefaultMavenResourcesFiltering - skip non existing resourceDirectory C:\craft\java-full-stack-main\CapStone Project\Team\Department-service\src\test\resources
2023-03-07 06:00:57,153 [Worker-37: Import Getting Started Content] INFO  o.e.m.c.i.p.ProjectConfigurationManager - Imported and configured 1 project(s) in 17 sec
2023-03-07 06:00:57,157 [Worker-37: Import Getting Started Content] INFO  o.e.m.c.i.p.ProjectConfigurationManager - Update started
2023-03-07 06:00:57,881 [Worker-37: Import Getting Started Content] INFO  o.e.m.c.i.l.LifecycleMappingFactory - Using org.eclipse.m2e.jdt.JarLifecycleMapping lifecycle mapping for MavenProject: com.craft-Department-service:Department-service:0.0.1-SNAPSHOT @ C:\craft\java-full-stack-main\CapStone Project\Team\Department-service\pom.xml.
2023-03-07 06:00:59,698 [Worker-37: Import Getting Started Content] INFO  o.e.m.j.i.AbstractJavaProjectConfigurator - Adding source folder /Department-service/src/main/java
2023-03-07 06:00:59,699 [Worker-37: Import Getting Started Content] INFO  o.e.m.j.i.AbstractJavaProjectConfigurator - Adding resource folder /Department-service/src/main/resources
2023-03-07 06:00:59,699 [Worker-37: Import Getting Started Content] INFO  o.e.m.j.i.AbstractJavaProjectConfigurator - Adding resource folder /Department-service/src/main/resources
2023-03-07 06:00:59,700 [Worker-37: Import Getting Started Content] INFO  o.e.m.j.i.AbstractJavaProjectConfigurator - Adding source folder /Department-service/src/test/java
2023-03-07 06:01:08,971 [Worker-37: Import Getting Started Content] INFO  o.a.m.s.f.DefaultMavenResourcesFiltering - Copying 1 resource
2023-03-07 06:01:08,998 [Worker-37: Import Getting Started Content] INFO  o.a.m.s.f.DefaultMavenResourcesFiltering - Copying 0 resource
2023-03-07 06:01:09,003 [Worker-37: Import Getting Started Content] INFO  o.a.m.s.f.DefaultMavenResourcesFiltering - skip non existing resourceDirectory C:\craft\java-full-stack-main\CapStone Project\Team\Department-service\src\test\resources
2023-03-07 06:01:09,976 [Worker-37: Import Getting Started Content] INFO  o.e.m.c.i.p.ProjectConfigurationManager - Update completed: 12 sec
2023-03-07 06:13:46,360 [Worker-22: Launching Department-service - DepartmentServiceApplication] INFO  o.a.m.s.f.DefaultMavenResourcesFiltering - Copying 2 resources
2023-03-07 06:13:46,364 [Worker-22: Launching Department-service - DepartmentServiceApplication] INFO  o.a.m.s.f.DefaultMavenResourcesFiltering - Copying 0 resource
2023-03-07 06:13:46,367 [Worker-22: Launching Department-service - DepartmentServiceApplication] INFO  o.a.m.s.f.DefaultMavenResourcesFiltering - skip non existing resourceDirectory C:\craft\java-full-stack-main\CapStone Project\Team\Department-service\src\test\resources
2023-03-07 06:18:27,112 [Worker-35: Import Getting Started Content] INFO  o.e.m.c.i.l.LifecycleMappingFactory - Using org.eclipse.m2e.jdt.JarLifecycleMapping lifecycle mapping for MavenProject: com.craft.Employee:Employee-service:0.0.1-SNAPSHOT @ C:\craft\java-full-stack-main\CapStone Project\Team\Employee-service\pom.xml.
2023-03-07 06:18:27,660 [Worker-35: Import Getting Started Content] INFO  o.e.m.j.i.AbstractJavaProjectConfigurator - Adding source folder /Employee-service/src/main/java
2023-03-07 06:18:27,660 [Worker-35: Import Getting Started Content] INFO  o.e.m.j.i.AbstractJavaProjectConfigurator - Adding resource folder /Employee-service/src/main/resources
2023-03-07 06:18:27,670 [Worker-35: Import Getting Started Content] INFO  o.e.m.j.i.AbstractJavaProjectConfigurator - Adding resource folder /Employee-service/src/main/resources
2023-03-07 06:18:27,674 [Worker-35: Import Getting Started Content] INFO  o.e.m.j.i.AbstractJavaProjectConfigurator - Adding source folder /Employee-service/src/test/java
2023-03-07 06:18:28,359 [Worker-35: Import Getting Started Content] INFO  o.a.m.s.f.DefaultMavenResourcesFiltering - Copying 1 resource
2023-03-07 06:18:28,367 [Worker-35: Import Getting Started Content] INFO  o.a.m.s.f.DefaultMavenResourcesFiltering - Copying 0 resource
2023-03-07 06:18:28,379 [Worker-35: Import Getting Started Content] INFO  o.a.m.s.f.DefaultMavenResourcesFiltering - skip non existing resourceDirectory C:\craft\java-full-stack-main\CapStone Project\Team\Employee-service\src\test\resources
2023-03-07 06:18:29,107 [Worker-35: Import Getting Started Content] INFO  o.e.m.c.i.p.ProjectConfigurationManager - Imported and configured 1 project(s) in 2 sec
2023-03-07 06:18:29,108 [Worker-35: Import Getting Started Content] INFO  o.e.m.c.i.p.ProjectConfigurationManager - Update started
2023-03-07 06:18:30,881 [Worker-35: Import Getting Started Content] INFO  o.e.m.c.i.l.LifecycleMappingFactory - Using org.eclipse.m2e.jdt.JarLifecycleMapping lifecycle mapping for MavenProject: com.craft.Employee:Employee-service:0.0.1-SNAPSHOT @ C:\craft\java-full-stack-main\CapStone Project\Team\Employee-service\pom.xml.
2023-03-07 06:18:31,814 [Worker-35: Import Getting Started Content] INFO  o.e.m.j.i.AbstractJavaProjectConfigurator - Adding source folder /Employee-service/src/main/java
2023-03-07 06:18:31,814 [Worker-35: Import Getting Started Content] INFO  o.e.m.j.i.AbstractJavaProjectConfigurator - Adding resource folder /Employee-service/src/main/resources
2023-03-07 06:18:31,815 [Worker-35: Import Getting Started Content] INFO  o.e.m.j.i.AbstractJavaProjectConfigurator - Adding resource folder /Employee-service/src/main/resources
2023-03-07 06:18:31,816 [Worker-35: Import Getting Started Content] INFO  o.e.m.j.i.AbstractJavaProjectConfigurator - Adding source folder /Employee-service/src/test/java
2023-03-07 06:18:33,216 [Worker-35: Import Getting Started Content] INFO  o.a.m.s.f.DefaultMavenResourcesFiltering - Copying 1 resource
2023-03-07 06:18:33,222 [Worker-35: Import Getting Started Content] INFO  o.a.m.s.f.DefaultMavenResourcesFiltering - Copying 0 resource
2023-03-07 06:18:33,225 [Worker-35: Import Getting Started Content] INFO  o.a.m.s.f.DefaultMavenResourcesFiltering - skip non existing resourceDirectory C:\craft\java-full-stack-main\CapStone Project\Team\Employee-service\src\test\resources
2023-03-07 06:18:33,827 [Worker-35: Import Getting Started Content] INFO  o.e.m.c.i.p.ProjectConfigurationManager - Update completed: 4 sec
2023-03-07 06:29:37,302 [Worker-45: Launching Employee-service - EmployeeServiceApplication] INFO  o.a.m.s.f.DefaultMavenResourcesFiltering - Copying 2 resources
2023-03-07 06:29:37,306 [Worker-45: Launching Employee-service - EmployeeServiceApplication] INFO  o.a.m.s.f.DefaultMavenResourcesFiltering - Copying 0 resource
2023-03-07 06:29:37,309 [Worker-45: Launching Employee-service - EmployeeServiceApplication] INFO  o.a.m.s.f.DefaultMavenResourcesFiltering - skip non existing resourceDirectory C:\craft\java-full-stack-main\CapStone Project\Team\Employee-service\src\test\resources
2023-03-07 06:31:44,117 [Worker-48: Launching Employee-service - EmployeeServiceApplication] INFO  o.a.m.s.f.DefaultMavenResourcesFiltering - Copying 2 resources
2023-03-07 06:31:44,130 [Worker-48: Launching Employee-service - EmployeeServiceApplication] INFO  o.a.m.s.f.DefaultMavenResourcesFiltering - Copying 0 resource
2023-03-07 06:31:44,132 [Worker-48: Launching Employee-service - EmployeeServiceApplication] INFO  o.a.m.s.f.DefaultMavenResourcesFiltering - skip non existing resourceDirectory C:\craft\java-full-stack-main\CapStone Project\Team\Employee-service\src\test\resources
2023-03-07 06:57:56,914 [Worker-54: Launching Employee-service - EmployeeServiceApplication] INFO  o.a.m.s.f.DefaultMavenResourcesFiltering - Copying 2 resources
2023-03-07 06:57:56,929 [Worker-54: Launching Employee-service - EmployeeServiceApplication] INFO  o.a.m.s.f.DefaultMavenResourcesFiltering - Copying 0 resource
2023-03-07 06:57:56,935 [Worker-54: Launching Employee-service - EmployeeServiceApplication] INFO  o.a.m.s.f.DefaultMavenResourcesFiltering - skip non existing resourceDirectory C:\craft\java-full-stack-main\CapStone Project\Team\Employee-service\src\test\resources
2023-03-07 07:00:16,026 [Worker-53: Launching Employee-service - EmployeeServiceApplication] INFO  o.a.m.s.f.DefaultMavenResourcesFiltering - Copying 2 resources
2023-03-07 07:00:16,048 [Worker-53: Launching Employee-service - EmployeeServiceApplication] INFO  o.a.m.s.f.DefaultMavenResourcesFiltering - Copying 0 resource
2023-03-07 07:00:16,052 [Worker-53: Launching Employee-service - EmployeeServiceApplication] INFO  o.a.m.s.f.DefaultMavenResourcesFiltering - skip non existing resourceDirectory C:\craft\java-full-stack-main\CapStone Project\Team\Employee-service\src\test\resources
2023-03-07 15:12:23,299 [Worker-0: Loading available Gradle versions] INFO  o.e.b.c.i.u.g.PublishedGradleVersions - Gradle version information cache is up-to-date. Trying to read.
2023-03-07 15:12:29,810 [Worker-4: Deferred Early Start] INFO  o.a.h.c.h.i.c.HttpRequestRetryExec - Recoverable I/O exception (java.net.SocketException) caught when processing request to {tls}->http://127.0.0.1:55909->https://www.eclipse.org:443
2023-03-08 04:51:03,894 [Worker-2: Loading available Gradle versions] INFO  o.e.b.c.i.u.g.PublishedGradleVersions - Gradle version information cache is up-to-date. Trying to read.
2023-03-08 05:40:47,690 [Worker-27: Import Getting Started Content] INFO  o.e.m.c.i.l.LifecycleMappingFactory - Using org.eclipse.m2e.jdt.JarLifecycleMapping lifecycle mapping for MavenProject: com.craft.naming-service:naming-service:0.0.1-SNAPSHOT @ C:\craft\java-full-stack-main\CapStone Project\Team\naming-service\pom.xml.
2023-03-08 05:40:51,857 [Worker-27: Import Getting Started Content] INFO  o.e.m.j.i.AbstractJavaProjectConfigurator - Adding source folder /naming-service/src/main/java
2023-03-08 05:40:51,858 [Worker-27: Import Getting Started Content] INFO  o.e.m.j.i.AbstractJavaProjectConfigurator - Adding resource folder /naming-service/src/main/resources
2023-03-08 05:40:51,863 [Worker-27: Import Getting Started Content] INFO  o.e.m.j.i.AbstractJavaProjectConfigurator - Adding resource folder /naming-service/src/main/resources
2023-03-08 05:40:51,868 [Worker-27: Import Getting Started Content] INFO  o.e.m.j.i.AbstractJavaProjectConfigurator - Adding source folder /naming-service/src/test/java
2023-03-08 05:40:54,296 [Worker-27: Import Getting Started Content] INFO  o.a.m.s.f.DefaultMavenResourcesFiltering - Copying 1 resource
2023-03-08 05:40:54,306 [Worker-27: Import Getting Started Content] INFO  o.a.m.s.f.DefaultMavenResourcesFiltering - Copying 0 resource
2023-03-08 05:40:54,308 [Worker-27: Import Getting Started Content] INFO  o.a.m.s.f.DefaultMavenResourcesFiltering - skip non existing resourceDirectory C:\craft\java-full-stack-main\CapStone Project\Team\naming-service\src\test\resources
2023-03-08 05:40:55,972 [Worker-27: Import Getting Started Content] INFO  o.e.m.c.i.p.ProjectConfigurationManager - Imported and configured 1 project(s) in 12 sec
2023-03-08 05:40:55,976 [Worker-27: Import Getting Started Content] INFO  o.e.m.c.i.p.ProjectConfigurationManager - Update started
2023-03-08 05:40:56,419 [Worker-27: Import Getting Started Content] INFO  o.e.m.c.i.l.LifecycleMappingFactory - Using org.eclipse.m2e.jdt.JarLifecycleMapping lifecycle mapping for MavenProject: com.craft.naming-service:naming-service:0.0.1-SNAPSHOT @ C:\craft\java-full-stack-main\CapStone Project\Team\naming-service\pom.xml.
2023-03-08 05:40:58,270 [Worker-27: Import Getting Started Content] INFO  o.e.m.j.i.AbstractJavaProjectConfigurator - Adding source folder /naming-service/src/main/java
2023-03-08 05:40:58,270 [Worker-27: Import Getting Started Content] INFO  o.e.m.j.i.AbstractJavaProjectConfigurator - Adding resource folder /naming-service/src/main/resources
2023-03-08 05:40:58,272 [Worker-27: Import Getting Started Content] INFO  o.e.m.j.i.AbstractJavaProjectConfigurator - Adding resource folder /naming-service/src/main/resources
2023-03-08 05:40:58,272 [Worker-27: Import Getting Started Content] INFO  o.e.m.j.i.AbstractJavaProjectConfigurator - Adding source folder /naming-service/src/test/java
2023-03-08 05:41:03,488 [Worker-27: Import Getting Started Content] INFO  o.a.m.s.f.DefaultMavenResourcesFiltering - Copying 1 resource
2023-03-08 05:41:03,510 [Worker-27: Import Getting Started Content] INFO  o.a.m.s.f.DefaultMavenResourcesFiltering - Copying 0 resource
2023-03-08 05:41:03,514 [Worker-27: Import Getting Started Content] INFO  o.a.m.s.f.DefaultMavenResourcesFiltering - skip non existing resourceDirectory C:\craft\java-full-stack-main\CapStone Project\Team\naming-service\src\test\resources
2023-03-08 05:41:04,239 [Worker-27: Import Getting Started Content] INFO  o.e.m.c.i.p.ProjectConfigurationManager - Update completed: 8 sec
2023-03-08 05:43:53,915 [Worker-28: Launching naming-service - NamingServiceApplication] INFO  o.a.m.s.f.DefaultMavenResourcesFiltering - Copying 2 resources
2023-03-08 05:43:53,920 [Worker-28: Launching naming-service - NamingServiceApplication] INFO  o.a.m.s.f.DefaultMavenResourcesFiltering - Copying 0 resource
2023-03-08 05:43:53,922 [Worker-28: Launching naming-service - NamingServiceApplication] INFO  o.a.m.s.f.DefaultMavenResourcesFiltering - skip non existing resourceDirectory C:\craft\java-full-stack-main\CapStone Project\Team\naming-service\src\test\resources
2023-03-08 05:45:00,861 [Worker-27: Launching naming-service - NamingServiceApplication] INFO  o.a.m.s.f.DefaultMavenResourcesFiltering - Copying 2 resources
2023-03-08 05:45:00,877 [Worker-27: Launching naming-service - NamingServiceApplication] INFO  o.a.m.s.f.DefaultMavenResourcesFiltering - Copying 0 resource
2023-03-08 05:45:00,882 [Worker-27: Launching naming-service - NamingServiceApplication] INFO  o.a.m.s.f.DefaultMavenResourcesFiltering - skip non existing resourceDirectory C:\craft\java-full-stack-main\CapStone Project\Team\naming-service\src\test\resources
2023-03-08 05:50:11,709 [Worker-29: Updating Maven Project] INFO  o.e.m.c.i.p.ProjectConfigurationManager - Update started
2023-03-08 05:50:12,053 [Worker-29: Updating Maven Project] INFO  o.e.m.c.i.l.LifecycleMappingFactory - Using org.eclipse.m2e.jdt.JarLifecycleMapping lifecycle mapping for MavenProject: com.craft.Employee:Employee-service:0.0.1-SNAPSHOT @ C:\craft\java-full-stack-main\CapStone Project\Team\Employee-service\pom.xml.
2023-03-08 05:50:13,277 [Worker-29: Updating Maven Project] INFO  o.a.m.s.f.DefaultMavenResourcesFiltering - Copying 2 resources
2023-03-08 05:50:13,294 [Worker-29: Updating Maven Project] INFO  o.a.m.s.f.DefaultMavenResourcesFiltering - Copying 0 resource
2023-03-08 05:50:13,297 [Worker-29: Updating Maven Project] INFO  o.a.m.s.f.DefaultMavenResourcesFiltering - skip non existing resourceDirectory C:\craft\java-full-stack-main\CapStone Project\Team\Employee-service\src\test\resources
2023-03-08 05:50:14,566 [Worker-29: Updating Maven Project] INFO  o.e.m.j.i.AbstractJavaProjectConfigurator - Adding source folder /Employee-service/src/main/java
2023-03-08 05:50:14,567 [Worker-29: Updating Maven Project] INFO  o.e.m.j.i.AbstractJavaProjectConfigurator - Adding resource folder /Employee-service/src/main/resources
2023-03-08 05:50:14,567 [Worker-29: Updating Maven Project] INFO  o.e.m.j.i.AbstractJavaProjectConfigurator - Adding resource folder /Employee-service/src/main/resources
2023-03-08 05:50:14,568 [Worker-29: Updating Maven Project] INFO  o.e.m.j.i.AbstractJavaProjectConfigurator - Adding source folder /Employee-service/src/test/java
2023-03-08 05:50:16,778 [Worker-29: Updating Maven Project] INFO  o.a.m.s.f.DefaultMavenResourcesFiltering - Copying 2 resources
2023-03-08 05:50:16,785 [Worker-29: Updating Maven Project] INFO  o.a.m.s.f.DefaultMavenResourcesFiltering - Copying 0 resource
2023-03-08 05:50:16,789 [Worker-29: Updating Maven Project] INFO  o.a.m.s.f.DefaultMavenResourcesFiltering - skip non existing resourceDirectory C:\craft\java-full-stack-main\CapStone Project\Team\Employee-service\src\test\resources
2023-03-08 05:50:17,336 [Worker-29: Updating Maven Project] INFO  o.e.m.c.i.p.ProjectConfigurationManager - Update completed: 5 sec
2023-03-08 05:54:38,258 [Worker-33: Launching Employee-service - EmployeeServiceApplication] INFO  o.a.m.s.f.DefaultMavenResourcesFiltering - Copying 2 resources
2023-03-08 05:54:38,263 [Worker-33: Launching Employee-service - EmployeeServiceApplication] INFO  o.a.m.s.f.DefaultMavenResourcesFiltering - Copying 0 resource
2023-03-08 05:54:38,266 [Worker-33: Launching Employee-service - EmployeeServiceApplication] INFO  o.a.m.s.f.DefaultMavenResourcesFiltering - skip non existing resourceDirectory C:\craft\java-full-stack-main\CapStone Project\Team\Employee-service\src\test\resources
2023-03-08 05:56:15,093 [Worker-32: Launching Employee-service - EmployeeServiceApplication] INFO  o.a.m.s.f.DefaultMavenResourcesFiltering - Copying 1 resource
2023-03-08 05:56:15,105 [Worker-32: Launching Employee-service - EmployeeServiceApplication] INFO  o.a.m.s.f.DefaultMavenResourcesFiltering - Copying 0 resource
2023-03-08 05:56:15,110 [Worker-32: Launching Employee-service - EmployeeServiceApplication] INFO  o.a.m.s.f.DefaultMavenResourcesFiltering - skip non existing resourceDirectory C:\craft\java-full-stack-main\CapStone Project\Team\Employee-service\src\test\resources
2023-03-08 05:59:05,638 [Worker-33: Updating Maven Project] INFO  o.e.m.c.i.p.ProjectConfigurationManager - Update started
2023-03-08 05:59:05,943 [Worker-33: Updating Maven Project] INFO  o.e.m.c.i.l.LifecycleMappingFactory - Using org.eclipse.m2e.jdt.JarLifecycleMapping lifecycle mapping for MavenProject: com.craft-Department-service:Department-service:0.0.1-SNAPSHOT @ C:\craft\java-full-stack-main\CapStone Project\Team\Department-service\pom.xml.
2023-03-08 05:59:07,026 [Worker-33: Updating Maven Project] INFO  o.a.m.s.f.DefaultMavenResourcesFiltering - Copying 2 resources
2023-03-08 05:59:07,038 [Worker-33: Updating Maven Project] INFO  o.a.m.s.f.DefaultMavenResourcesFiltering - Copying 0 resource
2023-03-08 05:59:07,043 [Worker-33: Updating Maven Project] INFO  o.a.m.s.f.DefaultMavenResourcesFiltering - skip non existing resourceDirectory C:\craft\java-full-stack-main\CapStone Project\Team\Department-service\src\test\resources
2023-03-08 05:59:07,680 [Worker-33: Updating Maven Project] INFO  o.e.m.j.i.AbstractJavaProjectConfigurator - Adding source folder /Department-service/src/main/java
2023-03-08 05:59:07,680 [Worker-33: Updating Maven Project] INFO  o.e.m.j.i.AbstractJavaProjectConfigurator - Adding resource folder /Department-service/src/main/resources
2023-03-08 05:59:07,681 [Worker-33: Updating Maven Project] INFO  o.e.m.j.i.AbstractJavaProjectConfigurator - Adding resource folder /Department-service/src/main/resources
2023-03-08 05:59:07,681 [Worker-33: Updating Maven Project] INFO  o.e.m.j.i.AbstractJavaProjectConfigurator - Adding source folder /Department-service/src/test/java
2023-03-08 05:59:08,641 [Worker-33: Updating Maven Project] INFO  o.a.m.s.f.DefaultMavenResourcesFiltering - Copying 2 resources
2023-03-08 05:59:08,645 [Worker-33: Updating Maven Project] INFO  o.a.m.s.f.DefaultMavenResourcesFiltering - Copying 0 resource
2023-03-08 05:59:08,648 [Worker-33: Updating Maven Project] INFO  o.a.m.s.f.DefaultMavenResourcesFiltering - skip non existing resourceDirectory C:\craft\java-full-stack-main\CapStone Project\Team\Department-service\src\test\resources
2023-03-08 05:59:10,049 [Worker-33: Updating Maven Project] INFO  o.e.m.c.i.p.ProjectConfigurationManager - Update completed: 4 sec
2023-03-08 06:00:19,271 [Worker-30: Launching Department-service - DepartmentServiceApplication] INFO  o.a.m.s.f.DefaultMavenResourcesFiltering - Copying 2 resources
2023-03-08 06:00:19,274 [Worker-30: Launching Department-service - DepartmentServiceApplication] INFO  o.a.m.s.f.DefaultMavenResourcesFiltering - Copying 0 resource
2023-03-08 06:00:19,275 [Worker-30: Launching Department-service - DepartmentServiceApplication] INFO  o.a.m.s.f.DefaultMavenResourcesFiltering - skip non existing resourceDirectory C:\craft\java-full-stack-main\CapStone Project\Team\Department-service\src\test\resources
2023-03-08 06:10:59,226 [Worker-36: Launching Employee-service - EmployeeServiceApplication] INFO  o.a.m.s.f.DefaultMavenResourcesFiltering - Copying 2 resources
2023-03-08 06:10:59,244 [Worker-36: Launching Employee-service - EmployeeServiceApplication] INFO  o.a.m.s.f.DefaultMavenResourcesFiltering - Copying 0 resource
2023-03-08 06:10:59,250 [Worker-36: Launching Employee-service - EmployeeServiceApplication] INFO  o.a.m.s.f.DefaultMavenResourcesFiltering - skip non existing resourceDirectory C:\craft\java-full-stack-main\CapStone Project\Team\Employee-service\src\test\resources
2023-03-08 06:12:36,512 [Worker-23: Launching Employee-service - EmployeeServiceApplication] INFO  o.a.m.s.f.DefaultMavenResourcesFiltering - Copying 2 resources
2023-03-08 06:12:36,527 [Worker-23: Launching Employee-service - EmployeeServiceApplication] INFO  o.a.m.s.f.DefaultMavenResourcesFiltering - Copying 0 resource
2023-03-08 06:12:36,528 [Worker-23: Launching Employee-service - EmployeeServiceApplication] INFO  o.a.m.s.f.DefaultMavenResourcesFiltering - skip non existing resourceDirectory C:\craft\java-full-stack-main\CapStone Project\Team\Employee-service\src\test\resources
2023-03-08 06:41:16,019 [Worker-28: Import Getting Started Content] INFO  o.e.m.c.i.l.LifecycleMappingFactory - Using org.eclipse.m2e.jdt.JarLifecycleMapping lifecycle mapping for MavenProject: com.craft.api-gatway:api-gatway:0.0.1-SNAPSHOT @ C:\craft\java-full-stack-main\CapStone Project\Team\api-gatway\pom.xml.
2023-03-08 06:41:17,214 [Worker-28: Import Getting Started Content] INFO  o.e.m.j.i.AbstractJavaProjectConfigurator - Adding source folder /api-gatway/src/main/java
2023-03-08 06:41:17,216 [Worker-28: Import Getting Started Content] INFO  o.e.m.j.i.AbstractJavaProjectConfigurator - Adding resource folder /api-gatway/src/main/resources
2023-03-08 06:41:17,234 [Worker-28: Import Getting Started Content] INFO  o.e.m.j.i.AbstractJavaProjectConfigurator - Adding resource folder /api-gatway/src/main/resources
2023-03-08 06:41:17,237 [Worker-28: Import Getting Started Content] INFO  o.e.m.j.i.AbstractJavaProjectConfigurator - Adding source folder /api-gatway/src/test/java
2023-03-08 06:41:19,469 [Worker-28: Import Getting Started Content] INFO  o.a.m.s.f.DefaultMavenResourcesFiltering - Copying 1 resource
2023-03-08 06:41:19,473 [Worker-28: Import Getting Started Content] INFO  o.a.m.s.f.DefaultMavenResourcesFiltering - Copying 0 resource
2023-03-08 06:41:19,475 [Worker-28: Import Getting Started Content] INFO  o.a.m.s.f.DefaultMavenResourcesFiltering - skip non existing resourceDirectory C:\craft\java-full-stack-main\CapStone Project\Team\api-gatway\src\test\resources
2023-03-08 06:41:20,099 [Worker-28: Import Getting Started Content] INFO  o.e.m.c.i.p.ProjectConfigurationManager - Imported and configured 1 project(s) in 4 sec
2023-03-08 06:41:20,101 [Worker-28: Import Getting Started Content] INFO  o.e.m.c.i.p.ProjectConfigurationManager - Update started
2023-03-08 06:41:20,399 [Worker-28: Import Getting Started Content] INFO  o.e.m.c.i.l.LifecycleMappingFactory - Using org.eclipse.m2e.jdt.JarLifecycleMapping lifecycle mapping for MavenProject: com.craft.api-gatway:api-gatway:0.0.1-SNAPSHOT @ C:\craft\java-full-stack-main\CapStone Project\Team\api-gatway\pom.xml.
2023-03-08 06:41:21,277 [Worker-28: Import Getting Started Content] INFO  o.e.m.j.i.AbstractJavaProjectConfigurator - Adding source folder /api-gatway/src/main/java
2023-03-08 06:41:21,277 [Worker-28: Import Getting Started Content] INFO  o.e.m.j.i.AbstractJavaProjectConfigurator - Adding resource folder /api-gatway/src/main/resources
2023-03-08 06:41:21,277 [Worker-28: Import Getting Started Content] INFO  o.e.m.j.i.AbstractJavaProjectConfigurator - Adding resource folder /api-gatway/src/main/resources
2023-03-08 06:41:21,278 [Worker-28: Import Getting Started Content] INFO  o.e.m.j.i.AbstractJavaProjectConfigurator - Adding source folder /api-gatway/src/test/java
2023-03-08 06:41:23,638 [Worker-28: Import Getting Started Content] INFO  o.a.m.s.f.DefaultMavenResourcesFiltering - Copying 1 resource
2023-03-08 06:41:23,642 [Worker-28: Import Getting Started Content] INFO  o.a.m.s.f.DefaultMavenResourcesFiltering - Copying 0 resource
2023-03-08 06:41:23,645 [Worker-28: Import Getting Started Content] INFO  o.a.m.s.f.DefaultMavenResourcesFiltering - skip non existing resourceDirectory C:\craft\java-full-stack-main\CapStone Project\Team\api-gatway\src\test\resources
2023-03-08 06:41:24,267 [Worker-28: Import Getting Started Content] INFO  o.e.m.c.i.p.ProjectConfigurationManager - Update completed: 4 sec
2023-03-08 06:44:22,999 [Worker-38: Updating Maven Project] INFO  o.e.m.c.i.p.ProjectConfigurationManager - Update started
2023-03-08 06:44:23,378 [Worker-38: Updating Maven Project] INFO  o.e.m.c.i.l.LifecycleMappingFactory - Using org.eclipse.m2e.jdt.JarLifecycleMapping lifecycle mapping for MavenProject: com.craft.api-gatway:api-gatway:0.0.1-SNAPSHOT @ C:\craft\java-full-stack-main\CapStone Project\Team\api-gatway\pom.xml.
2023-03-08 06:44:24,426 [Worker-38: Updating Maven Project] INFO  o.e.m.j.i.AbstractJavaProjectConfigurator - Adding source folder /api-gatway/src/main/java
2023-03-08 06:44:24,426 [Worker-38: Updating Maven Project] INFO  o.e.m.j.i.AbstractJavaProjectConfigurator - Adding resource folder /api-gatway/src/main/resources
2023-03-08 06:44:24,426 [Worker-38: Updating Maven Project] INFO  o.e.m.j.i.AbstractJavaProjectConfigurator - Adding resource folder /api-gatway/src/main/resources
2023-03-08 06:44:24,427 [Worker-38: Updating Maven Project] INFO  o.e.m.j.i.AbstractJavaProjectConfigurator - Adding source folder /api-gatway/src/test/java
2023-03-08 06:44:25,547 [Worker-38: Updating Maven Project] INFO  o.a.m.s.f.DefaultMavenResourcesFiltering - Copying 2 resources
2023-03-08 06:44:25,577 [Worker-38: Updating Maven Project] INFO  o.a.m.s.f.DefaultMavenResourcesFiltering - Copying 0 resource
2023-03-08 06:44:25,584 [Worker-38: Updating Maven Project] INFO  o.a.m.s.f.DefaultMavenResourcesFiltering - skip non existing resourceDirectory C:\craft\java-full-stack-main\CapStone Project\Team\api-gatway\src\test\resources
2023-03-08 06:44:26,617 [Worker-38: Updating Maven Project] INFO  o.e.m.c.i.p.ProjectConfigurationManager - Update completed: 3 sec
2023-03-08 06:45:17,393 [Worker-41: Updating Maven Project] INFO  o.e.m.c.i.p.ProjectConfigurationManager - Update started
2023-03-08 06:45:17,728 [Worker-41: Updating Maven Project] INFO  o.e.m.c.i.l.LifecycleMappingFactory - Using org.eclipse.m2e.jdt.JarLifecycleMapping lifecycle mapping for MavenProject: com.craft.api-gatway:api-gatway:0.0.1-SNAPSHOT @ C:\craft\java-full-stack-main\CapStone Project\Team\api-gatway\pom.xml.
2023-03-08 06:45:18,378 [Worker-41: Updating Maven Project] INFO  o.a.m.s.f.DefaultMavenResourcesFiltering - Copying 2 resources
2023-03-08 06:45:18,408 [Worker-41: Updating Maven Project] INFO  o.a.m.s.f.DefaultMavenResourcesFiltering - Copying 0 resource
2023-03-08 06:45:18,412 [Worker-41: Updating Maven Project] INFO  o.a.m.s.f.DefaultMavenResourcesFiltering - skip non existing resourceDirectory C:\craft\java-full-stack-main\CapStone Project\Team\api-gatway\src\test\resources
2023-03-08 06:45:19,285 [Worker-41: Updating Maven Project] INFO  o.e.m.j.i.AbstractJavaProjectConfigurator - Adding source folder /api-gatway/src/main/java
2023-03-08 06:45:19,285 [Worker-41: Updating Maven Project] INFO  o.e.m.j.i.AbstractJavaProjectConfigurator - Adding resource folder /api-gatway/src/main/resources
2023-03-08 06:45:19,286 [Worker-41: Updating Maven Project] INFO  o.e.m.j.i.AbstractJavaProjectConfigurator - Adding resource folder /api-gatway/src/main/resources
2023-03-08 06:45:19,286 [Worker-41: Updating Maven Project] INFO  o.e.m.j.i.AbstractJavaProjectConfigurator - Adding source folder /api-gatway/src/test/java
2023-03-08 06:45:20,210 [Worker-41: Updating Maven Project] INFO  o.a.m.s.f.DefaultMavenResourcesFiltering - Copying 2 resources
2023-03-08 06:45:20,214 [Worker-41: Updating Maven Project] INFO  o.a.m.s.f.DefaultMavenResourcesFiltering - Copying 0 resource
2023-03-08 06:45:20,217 [Worker-41: Updating Maven Project] INFO  o.a.m.s.f.DefaultMavenResourcesFiltering - skip non existing resourceDirectory C:\craft\java-full-stack-main\CapStone Project\Team\api-gatway\src\test\resources
2023-03-08 06:45:20,860 [Worker-41: Updating Maven Project] INFO  o.e.m.c.i.p.ProjectConfigurationManager - Update completed: 3 sec
2023-03-08 06:45:33,340 [Worker-38: Launching api-gatway - ApiGatwayApplication] INFO  o.a.m.s.f.DefaultMavenResourcesFiltering - Copying 2 resources
2023-03-08 06:45:33,358 [Worker-38: Launching api-gatway - ApiGatwayApplication] INFO  o.a.m.s.f.DefaultMavenResourcesFiltering - Copying 0 resource
2023-03-08 06:45:33,361 [Worker-38: Launching api-gatway - ApiGatwayApplication] INFO  o.a.m.s.f.DefaultMavenResourcesFiltering - skip non existing resourceDirectory C:\craft\java-full-stack-main\CapStone Project\Team\api-gatway\src\test\resources
2023-03-08 06:51:05,078 [Worker-35: Launching api-gatway - ApiGatwayApplication] INFO  o.a.m.s.f.DefaultMavenResourcesFiltering - Copying 1 resource
2023-03-08 06:51:05,092 [Worker-35: Launching api-gatway - ApiGatwayApplication] INFO  o.a.m.s.f.DefaultMavenResourcesFiltering - Copying 0 resource
2023-03-08 06:51:05,094 [Worker-35: Launching api-gatway - ApiGatwayApplication] INFO  o.a.m.s.f.DefaultMavenResourcesFiltering - skip non existing resourceDirectory C:\craft\java-full-stack-main\CapStone Project\Team\api-gatway\src\test\resources
2023-03-08 06:51:16,577 [Worker-29: Launching Employee-service - EmployeeServiceApplication] INFO  o.a.m.s.f.DefaultMavenResourcesFiltering - Copying 2 resources
2023-03-08 06:51:16,597 [Worker-29: Launching Employee-service - EmployeeServiceApplication] INFO  o.a.m.s.f.DefaultMavenResourcesFiltering - Copying 0 resource
2023-03-08 06:51:16,600 [Worker-29: Launching Employee-service - EmployeeServiceApplication] INFO  o.a.m.s.f.DefaultMavenResourcesFiltering - skip non existing resourceDirectory C:\craft\java-full-stack-main\CapStone Project\Team\Employee-service\src\test\resources
2023-03-08 06:51:23,410 [Worker-36: Launching Department-service intance 2 - DepartmentServiceApplication] INFO  o.a.m.s.f.DefaultMavenResourcesFiltering - Copying 2 resources
2023-03-08 06:51:23,425 [Worker-36: Launching Department-service intance 2 - DepartmentServiceApplication] INFO  o.a.m.s.f.DefaultMavenResourcesFiltering - Copying 0 resource
2023-03-08 06:51:23,428 [Worker-36: Launching Department-service intance 2 - DepartmentServiceApplication] INFO  o.a.m.s.f.DefaultMavenResourcesFiltering - skip non existing resourceDirectory C:\craft\java-full-stack-main\CapStone Project\Team\Department-service\src\test\resources
2023-03-08 14:50:43,318 [Worker-2: Loading available Gradle versions] INFO  o.e.b.c.i.u.g.PublishedGradleVersions - Gradle version information cache is up-to-date. Trying to read.
2023-03-08 14:50:48,982 [Worker-20: Deferred Early Start] INFO  o.a.h.c.h.i.c.HttpRequestRetryExec - Recoverable I/O exception (java.net.SocketException) caught when processing request to {tls}->http://127.0.0.1:50158->https://www.eclipse.org:443
2023-03-08 23:14:39,179 [Worker-1: Loading available Gradle versions] INFO  o.e.b.c.i.u.g.PublishedGradleVersions - Gradle version information cache is up-to-date. Trying to read.
2023-03-08 23:14:44,707 [Worker-20: Deferred Early Start] INFO  o.a.h.c.h.i.c.HttpRequestRetryExec - Recoverable I/O exception (java.net.SocketException) caught when processing request to {tls}->http://127.0.0.1:58879->https://www.eclipse.org:443
2023-03-08 23:22:03,946 [Worker-1: Loading available Gradle versions] INFO  o.e.b.c.i.u.g.PublishedGradleVersions - Gradle version information cache is up-to-date. Trying to read.
2023-03-08 23:22:10,912 [Worker-12: Deferred Early Start] INFO  o.a.h.c.h.i.c.HttpRequestRetryExec - Recoverable I/O exception (java.net.SocketException) caught when processing request to {tls}->http://127.0.0.1:58879->https://www.eclipse.org:443
2023-03-08 23:24:26,854 [Worker-4: Launching naming-service - NamingServiceApplication] INFO  o.a.m.s.f.DefaultMavenResourcesFiltering - Copying 2 resources
2023-03-08 23:24:26,877 [Worker-4: Launching naming-service - NamingServiceApplication] INFO  o.a.m.s.f.DefaultMavenResourcesFiltering - Copying 0 resource
2023-03-08 23:24:26,880 [Worker-4: Launching naming-service - NamingServiceApplication] INFO  o.a.m.s.f.DefaultMavenResourcesFiltering - skip non existing resourceDirectory C:\craft\java-full-stack-main\CapStone Project\Team\naming-service\src\test\resources
2023-03-08 23:24:58,652 [Worker-6: Launching api-gatway - ApiGatwayApplication] INFO  o.e.m.c.i.l.LifecycleMappingFactory - Using org.eclipse.m2e.jdt.JarLifecycleMapping lifecycle mapping for MavenProject: com.craft-Department-service:Department-service:0.0.1-SNAPSHOT @ C:\craft\java-full-stack-main\CapStone Project\Team\Department-service\pom.xml.
2023-03-08 23:24:59,017 [Worker-6: Launching api-gatway - ApiGatwayApplication] INFO  o.a.m.s.f.DefaultMavenResourcesFiltering - Copying 2 resources
2023-03-08 23:24:59,028 [Worker-6: Launching api-gatway - ApiGatwayApplication] INFO  o.a.m.s.f.DefaultMavenResourcesFiltering - Copying 0 resource
2023-03-08 23:24:59,031 [Worker-6: Launching api-gatway - ApiGatwayApplication] INFO  o.a.m.s.f.DefaultMavenResourcesFiltering - skip non existing resourceDirectory C:\craft\java-full-stack-main\CapStone Project\Team\Department-service\src\test\resources
2023-03-08 23:24:59,430 [Worker-6: Launching api-gatway - ApiGatwayApplication] INFO  o.a.m.s.f.DefaultMavenResourcesFiltering - Copying 2 resources
2023-03-08 23:24:59,439 [Worker-6: Launching api-gatway - ApiGatwayApplication] INFO  o.a.m.s.f.DefaultMavenResourcesFiltering - Copying 0 resource
2023-03-08 23:24:59,441 [Worker-6: Launching api-gatway - ApiGatwayApplication] INFO  o.a.m.s.f.DefaultMavenResourcesFiltering - skip non existing resourceDirectory C:\craft\java-full-stack-main\CapStone Project\Team\Department-service\src\test\resources
2023-03-08 23:25:00,472 [Worker-12: Launching Department-service intance 2 - DepartmentServiceApplication] INFO  o.a.m.s.f.DefaultMavenResourcesFiltering - Copying 2 resources
2023-03-08 23:25:00,477 [Worker-12: Launching Department-service intance 2 - DepartmentServiceApplication] INFO  o.a.m.s.f.DefaultMavenResourcesFiltering - Copying 0 resource
2023-03-08 23:25:00,480 [Worker-12: Launching Department-service intance 2 - DepartmentServiceApplication] INFO  o.a.m.s.f.DefaultMavenResourcesFiltering - skip non existing resourceDirectory C:\craft\java-full-stack-main\CapStone Project\Team\Department-service\src\test\resources
2023-03-08 23:25:01,498 [Worker-27: Launching Employee-service - EmployeeServiceApplication] INFO  o.e.m.c.i.l.LifecycleMappingFactory - Using org.eclipse.m2e.jdt.JarLifecycleMapping lifecycle mapping for MavenProject: com.craft.Employee:Employee-service:0.0.1-SNAPSHOT @ C:\craft\java-full-stack-main\CapStone Project\Team\Employee-service\pom.xml.
2023-03-08 23:25:01,821 [Worker-27: Launching Employee-service - EmployeeServiceApplication] INFO  o.a.m.s.f.DefaultMavenResourcesFiltering - Copying 2 resources
2023-03-08 23:25:01,825 [Worker-27: Launching Employee-service - EmployeeServiceApplication] INFO  o.a.m.s.f.DefaultMavenResourcesFiltering - Copying 0 resource
2023-03-08 23:25:01,829 [Worker-27: Launching Employee-service - EmployeeServiceApplication] INFO  o.a.m.s.f.DefaultMavenResourcesFiltering - skip non existing resourceDirectory C:\craft\java-full-stack-main\CapStone Project\Team\Employee-service\src\test\resources
2023-03-08 23:25:02,494 [Worker-27: Launching Employee-service - EmployeeServiceApplication] INFO  o.a.m.s.f.DefaultMavenResourcesFiltering - Copying 2 resources
2023-03-08 23:25:02,504 [Worker-27: Launching Employee-service - EmployeeServiceApplication] INFO  o.a.m.s.f.DefaultMavenResourcesFiltering - Copying 0 resource
2023-03-08 23:25:02,508 [Worker-27: Launching Employee-service - EmployeeServiceApplication] INFO  o.a.m.s.f.DefaultMavenResourcesFiltering - skip non existing resourceDirectory C:\craft\java-full-stack-main\CapStone Project\Team\Employee-service\src\test\resources
2023-03-08 23:25:04,459 [Worker-27: Launching Employee-service - EmployeeServiceApplication] INFO  o.e.m.c.i.l.LifecycleMappingFactory - Using org.eclipse.m2e.jdt.JarLifecycleMapping lifecycle mapping for MavenProject: com.craft.api-gatway:api-gatway:0.0.1-SNAPSHOT @ C:\craft\java-full-stack-main\CapStone Project\Team\api-gatway\pom.xml.
2023-03-08 23:25:04,883 [Worker-27: Launching Employee-service - EmployeeServiceApplication] INFO  o.a.m.s.f.DefaultMavenResourcesFiltering - Copying 2 resources
2023-03-08 23:25:04,886 [Worker-27: Launching Employee-service - EmployeeServiceApplication] INFO  o.a.m.s.f.DefaultMavenResourcesFiltering - Copying 0 resource
2023-03-08 23:25:04,889 [Worker-27: Launching Employee-service - EmployeeServiceApplication] INFO  o.a.m.s.f.DefaultMavenResourcesFiltering - skip non existing resourceDirectory C:\craft\java-full-stack-main\CapStone Project\Team\api-gatway\src\test\resources
2023-03-08 23:25:05,428 [Worker-27: Launching Employee-service - EmployeeServiceApplication] INFO  o.a.m.s.f.DefaultMavenResourcesFiltering - Copying 2 resources
2023-03-08 23:25:05,439 [Worker-27: Launching Employee-service - EmployeeServiceApplication] INFO  o.a.m.s.f.DefaultMavenResourcesFiltering - Copying 0 resource
2023-03-08 23:25:05,475 [Worker-27: Launching Employee-service - EmployeeServiceApplication] INFO  o.a.m.s.f.DefaultMavenResourcesFiltering - skip non existing resourceDirectory C:\craft\java-full-stack-main\CapStone Project\Team\api-gatway\src\test\resources
2023-03-08 23:27:18,480 [Worker-18: Launching api-gatway - ApiGatwayApplication] INFO  o.a.m.s.f.DefaultMavenResourcesFiltering - Copying 2 resources
2023-03-08 23:27:18,483 [Worker-18: Launching api-gatway - ApiGatwayApplication] INFO  o.a.m.s.f.DefaultMavenResourcesFiltering - Copying 0 resource
2023-03-08 23:27:18,486 [Worker-18: Launching api-gatway - ApiGatwayApplication] INFO  o.a.m.s.f.DefaultMavenResourcesFiltering - skip non existing resourceDirectory C:\craft\java-full-stack-main\CapStone Project\Team\api-gatway\src\test\resources
2023-03-08 23:32:21,885 [Worker-25: Updating Maven Project] INFO  o.e.m.c.i.p.ProjectConfigurationManager - Update started
2023-03-08 23:32:22,026 [Worker-25: Updating Maven Project] INFO  o.e.m.c.i.l.LifecycleMappingFactory - Using org.eclipse.m2e.jdt.JarLifecycleMapping lifecycle mapping for MavenProject: com.craft.naming-service:naming-service:0.0.1-SNAPSHOT @ C:\craft\java-full-stack-main\CapStone Project\Team\naming-service\pom.xml.
2023-03-08 23:32:22,755 [Worker-25: Updating Maven Project] INFO  o.e.m.j.i.AbstractJavaProjectConfigurator - Adding source folder /naming-service/src/main/java
2023-03-08 23:32:22,756 [Worker-25: Updating Maven Project] INFO  o.e.m.j.i.AbstractJavaProjectConfigurator - Adding resource folder /naming-service/src/main/resources
2023-03-08 23:32:22,756 [Worker-25: Updating Maven Project] INFO  o.e.m.j.i.AbstractJavaProjectConfigurator - Adding resource folder /naming-service/src/main/resources
2023-03-08 23:32:22,756 [Worker-25: Updating Maven Project] INFO  o.e.m.j.i.AbstractJavaProjectConfigurator - Adding source folder /naming-service/src/test/java
2023-03-08 23:32:23,764 [Worker-25: Updating Maven Project] INFO  o.a.m.s.f.DefaultMavenResourcesFiltering - Copying 2 resources
2023-03-08 23:32:23,768 [Worker-25: Updating Maven Project] INFO  o.a.m.s.f.DefaultMavenResourcesFiltering - Copying 0 resource
2023-03-08 23:32:23,770 [Worker-25: Updating Maven Project] INFO  o.a.m.s.f.DefaultMavenResourcesFiltering - skip non existing resourceDirectory C:\craft\java-full-stack-main\CapStone Project\Team\naming-service\src\test\resources
2023-03-08 23:32:24,397 [Worker-25: Updating Maven Project] INFO  o.e.m.c.i.p.ProjectConfigurationManager - Update completed: 2 sec
2023-03-08 23:44:40,115 [Worker-10: Updating Maven Project] INFO  o.e.m.c.i.p.ProjectConfigurationManager - Update started
2023-03-08 23:44:40,263 [Worker-10: Updating Maven Project] INFO  o.e.m.c.i.l.LifecycleMappingFactory - Using org.eclipse.m2e.jdt.JarLifecycleMapping lifecycle mapping for MavenProject: com.craft.Employee:Employee-service:0.0.1-SNAPSHOT @ C:\craft\java-full-stack-main\CapStone Project\Team\Employee-service\pom.xml.
2023-03-08 23:44:40,775 [Worker-10: Updating Maven Project] INFO  o.a.m.s.f.DefaultMavenResourcesFiltering - Copying 2 resources
2023-03-08 23:44:40,778 [Worker-10: Updating Maven Project] INFO  o.a.m.s.f.DefaultMavenResourcesFiltering - Copying 0 resource
2023-03-08 23:44:40,779 [Worker-10: Updating Maven Project] INFO  o.a.m.s.f.DefaultMavenResourcesFiltering - skip non existing resourceDirectory C:\craft\java-full-stack-main\CapStone Project\Team\Employee-service\src\test\resources
2023-03-08 23:44:41,779 [Worker-10: Updating Maven Project] INFO  o.e.m.j.i.AbstractJavaProjectConfigurator - Adding source folder /Employee-service/src/main/java
2023-03-08 23:44:41,780 [Worker-10: Updating Maven Project] INFO  o.e.m.j.i.AbstractJavaProjectConfigurator - Adding resource folder /Employee-service/src/main/resources
2023-03-08 23:44:41,780 [Worker-10: Updating Maven Project] INFO  o.e.m.j.i.AbstractJavaProjectConfigurator - Adding resource folder /Employee-service/src/main/resources
2023-03-08 23:44:41,780 [Worker-10: Updating Maven Project] INFO  o.e.m.j.i.AbstractJavaProjectConfigurator - Adding source folder /Employee-service/src/test/java
2023-03-08 23:44:43,005 [Worker-10: Updating Maven Project] INFO  o.a.m.s.f.DefaultMavenResourcesFiltering - Copying 2 resources
2023-03-08 23:44:43,009 [Worker-10: Updating Maven Project] INFO  o.a.m.s.f.DefaultMavenResourcesFiltering - Copying 0 resource
2023-03-08 23:44:43,011 [Worker-10: Updating Maven Project] INFO  o.a.m.s.f.DefaultMavenResourcesFiltering - skip non existing resourceDirectory C:\craft\java-full-stack-main\CapStone Project\Team\Employee-service\src\test\resources
2023-03-08 23:44:43,476 [Worker-10: Updating Maven Project] INFO  o.e.m.c.i.p.ProjectConfigurationManager - Update completed: 3 sec
2023-03-08 23:47:20,835 [Worker-8: Launching Employee-service - EmployeeServiceApplication] INFO  o.a.m.s.f.DefaultMavenResourcesFiltering - Copying 2 resources
2023-03-08 23:47:20,840 [Worker-8: Launching Employee-service - EmployeeServiceApplication] INFO  o.a.m.s.f.DefaultMavenResourcesFiltering - Copying 0 resource
2023-03-08 23:47:20,842 [Worker-8: Launching Employee-service - EmployeeServiceApplication] INFO  o.a.m.s.f.DefaultMavenResourcesFiltering - skip non existing resourceDirectory C:\craft\java-full-stack-main\CapStone Project\Team\Employee-service\src\test\resources
2023-03-08 23:48:58,703 [Worker-8: Launching Employee-service - EmployeeServiceApplication] INFO  o.a.m.s.f.DefaultMavenResourcesFiltering - Copying 2 resources
2023-03-08 23:48:58,711 [Worker-8: Launching Employee-service - EmployeeServiceApplication] INFO  o.a.m.s.f.DefaultMavenResourcesFiltering - Copying 0 resource
2023-03-08 23:48:58,712 [Worker-8: Launching Employee-service - EmployeeServiceApplication] INFO  o.a.m.s.f.DefaultMavenResourcesFiltering - skip non existing resourceDirectory C:\craft\java-full-stack-main\CapStone Project\Team\Employee-service\src\test\resources
2023-03-08 23:49:42,078 [Worker-4: Launching Employee-service - EmployeeServiceApplication] INFO  o.a.m.s.f.DefaultMavenResourcesFiltering - Copying 1 resource
2023-03-08 23:49:42,086 [Worker-4: Launching Employee-service - EmployeeServiceApplication] INFO  o.a.m.s.f.DefaultMavenResourcesFiltering - Copying 0 resource
2023-03-08 23:49:42,086 [Worker-4: Launching Employee-service - EmployeeServiceApplication] INFO  o.a.m.s.f.DefaultMavenResourcesFiltering - skip non existing resourceDirectory C:\craft\java-full-stack-main\CapStone Project\Team\Employee-service\src\test\resources
2023-03-09 05:00:11,137 [Worker-1: Loading available Gradle versions] INFO  o.e.b.c.i.u.g.PublishedGradleVersions - Gradle version information cache is out-of-date. Trying to update.
2023-03-09 05:00:18,646 [Worker-15: Deferred Early Start] INFO  o.a.h.c.h.i.c.HttpRequestRetryExec - Recoverable I/O exception (java.net.SocketException) caught when processing request to {tls}->http://127.0.0.1:57257->https://www.eclipse.org:443
2023-03-09 05:30:01,161 [Worker-37: Import Getting Started Content] INFO  o.e.m.c.i.l.LifecycleMappingFactory - Using org.eclipse.m2e.jdt.JarLifecycleMapping lifecycle mapping for MavenProject: com.craft.cloud-config:cloud-config:0.0.1-SNAPSHOT @ C:\craft\java-full-stack-main\CapStone Project\Team\cloud-config\pom.xml.
2023-03-09 05:30:06,377 [Worker-37: Import Getting Started Content] INFO  o.e.m.j.i.AbstractJavaProjectConfigurator - Adding source folder /cloud-config/src/main/java
2023-03-09 05:30:06,377 [Worker-37: Import Getting Started Content] INFO  o.e.m.j.i.AbstractJavaProjectConfigurator - Adding resource folder /cloud-config/src/main/resources
2023-03-09 05:30:06,383 [Worker-37: Import Getting Started Content] INFO  o.e.m.j.i.AbstractJavaProjectConfigurator - Adding resource folder /cloud-config/src/main/resources
2023-03-09 05:30:06,389 [Worker-37: Import Getting Started Content] INFO  o.e.m.j.i.AbstractJavaProjectConfigurator - Adding source folder /cloud-config/src/test/java
2023-03-09 05:30:07,456 [Worker-37: Import Getting Started Content] INFO  o.a.m.s.f.DefaultMavenResourcesFiltering - Copying 1 resource
2023-03-09 05:30:07,474 [Worker-37: Import Getting Started Content] INFO  o.a.m.s.f.DefaultMavenResourcesFiltering - Copying 0 resource
2023-03-09 05:30:07,477 [Worker-37: Import Getting Started Content] INFO  o.a.m.s.f.DefaultMavenResourcesFiltering - skip non existing resourceDirectory C:\craft\java-full-stack-main\CapStone Project\Team\cloud-config\src\test\resources
2023-03-09 05:30:10,328 [Worker-37: Import Getting Started Content] INFO  o.e.m.c.i.p.ProjectConfigurationManager - Imported and configured 1 project(s) in 13 sec
2023-03-09 05:30:10,335 [Worker-37: Import Getting Started Content] INFO  o.e.m.c.i.p.ProjectConfigurationManager - Update started
2023-03-09 05:30:10,888 [Worker-37: Import Getting Started Content] INFO  o.e.m.c.i.l.LifecycleMappingFactory - Using org.eclipse.m2e.jdt.JarLifecycleMapping lifecycle mapping for MavenProject: com.craft.cloud-config:cloud-config:0.0.1-SNAPSHOT @ C:\craft\java-full-stack-main\CapStone Project\Team\cloud-config\pom.xml.
2023-03-09 05:30:12,994 [Worker-37: Import Getting Started Content] INFO  o.e.m.j.i.AbstractJavaProjectConfigurator - Adding source folder /cloud-config/src/main/java
2023-03-09 05:30:12,994 [Worker-37: Import Getting Started Content] INFO  o.e.m.j.i.AbstractJavaProjectConfigurator - Adding resource folder /cloud-config/src/main/resources
2023-03-09 05:30:12,994 [Worker-37: Import Getting Started Content] INFO  o.e.m.j.i.AbstractJavaProjectConfigurator - Adding resource folder /cloud-config/src/main/resources
2023-03-09 05:30:12,995 [Worker-37: Import Getting Started Content] INFO  o.e.m.j.i.AbstractJavaProjectConfigurator - Adding source folder /cloud-config/src/test/java
2023-03-09 05:30:16,104 [Worker-37: Import Getting Started Content] INFO  o.a.m.s.f.DefaultMavenResourcesFiltering - Copying 1 resource
2023-03-09 05:30:16,136 [Worker-37: Import Getting Started Content] INFO  o.a.m.s.f.DefaultMavenResourcesFiltering - Copying 0 resource
2023-03-09 05:30:16,139 [Worker-37: Import Getting Started Content] INFO  o.a.m.s.f.DefaultMavenResourcesFiltering - skip non existing resourceDirectory C:\craft\java-full-stack-main\CapStone Project\Team\cloud-config\src\test\resources
2023-03-09 05:30:16,965 [Worker-37: Import Getting Started Content] INFO  o.e.m.c.i.p.ProjectConfigurationManager - Update completed: 6 sec
2023-03-09 05:31:40,943 [Worker-37: Updating Maven Project] INFO  o.e.m.c.i.p.ProjectConfigurationManager - Update started
2023-03-09 05:31:41,321 [Worker-37: Updating Maven Project] INFO  o.e.m.c.i.l.LifecycleMappingFactory - Using org.eclipse.m2e.jdt.JarLifecycleMapping lifecycle mapping for MavenProject: com.craft.cloud-config:cloud-config:0.0.1-SNAPSHOT @ C:\craft\java-full-stack-main\CapStone Project\Team\cloud-config\pom.xml.
2023-03-09 05:31:42,403 [Worker-37: Updating Maven Project] INFO  o.e.m.j.i.AbstractJavaProjectConfigurator - Adding source folder /cloud-config/src/main/java
2023-03-09 05:31:42,405 [Worker-37: Updating Maven Project] INFO  o.e.m.j.i.AbstractJavaProjectConfigurator - Adding resource folder /cloud-config/src/main/resources
2023-03-09 05:31:42,406 [Worker-37: Updating Maven Project] INFO  o.e.m.j.i.AbstractJavaProjectConfigurator - Adding resource folder /cloud-config/src/main/resources
2023-03-09 05:31:42,406 [Worker-37: Updating Maven Project] INFO  o.e.m.j.i.AbstractJavaProjectConfigurator - Adding source folder /cloud-config/src/test/java
2023-03-09 05:31:43,872 [Worker-37: Updating Maven Project] INFO  o.a.m.s.f.DefaultMavenResourcesFiltering - Copying 1 resource
2023-03-09 05:31:43,889 [Worker-37: Updating Maven Project] INFO  o.a.m.s.f.DefaultMavenResourcesFiltering - Copying 0 resource
2023-03-09 05:31:43,893 [Worker-37: Updating Maven Project] INFO  o.a.m.s.f.DefaultMavenResourcesFiltering - skip non existing resourceDirectory C:\craft\java-full-stack-main\CapStone Project\Team\cloud-config\src\test\resources
2023-03-09 05:31:44,409 [Worker-37: Updating Maven Project] INFO  o.e.m.c.i.p.ProjectConfigurationManager - Update completed: 3 sec
2023-03-09 05:31:59,092 [Worker-37: Launching cloud-config - CloudConfigApplication] INFO  o.a.m.s.f.DefaultMavenResourcesFiltering - Copying 1 resource
2023-03-09 05:31:59,094 [Worker-37: Launching cloud-config - CloudConfigApplication] INFO  o.a.m.s.f.DefaultMavenResourcesFiltering - Copying 0 resource
2023-03-09 05:31:59,096 [Worker-37: Launching cloud-config - CloudConfigApplication] INFO  o.a.m.s.f.DefaultMavenResourcesFiltering - skip non existing resourceDirectory C:\craft\java-full-stack-main\CapStone Project\Team\cloud-config\src\test\resources
2023-03-09 05:33:08,864 [Worker-38: Updating Maven Project] INFO  o.e.m.c.i.p.ProjectConfigurationManager - Update started
2023-03-09 05:33:09,104 [Worker-38: Updating Maven Project] INFO  o.e.m.c.i.l.LifecycleMappingFactory - Using org.eclipse.m2e.jdt.JarLifecycleMapping lifecycle mapping for MavenProject: com.craft.cloud-config:cloud-config:0.0.1-SNAPSHOT @ C:\craft\java-full-stack-main\CapStone Project\Team\cloud-config\pom.xml.
2023-03-09 05:33:09,991 [Worker-38: Updating Maven Project] INFO  o.e.m.j.i.AbstractJavaProjectConfigurator - Adding source folder /cloud-config/src/main/java
2023-03-09 05:33:10,018 [Worker-38: Updating Maven Project] INFO  o.e.m.j.i.AbstractJavaProjectConfigurator - Adding resource folder /cloud-config/src/main/resources
2023-03-09 05:33:10,022 [Worker-38: Updating Maven Project] INFO  o.e.m.j.i.AbstractJavaProjectConfigurator - Adding resource folder /cloud-config/src/main/resources
2023-03-09 05:33:10,023 [Worker-38: Updating Maven Project] INFO  o.e.m.j.i.AbstractJavaProjectConfigurator - Adding source folder /cloud-config/src/test/java
2023-03-09 05:33:11,284 [Worker-38: Updating Maven Project] INFO  o.a.m.s.f.DefaultMavenResourcesFiltering - Copying 1 resource
2023-03-09 05:33:11,297 [Worker-38: Updating Maven Project] INFO  o.a.m.s.f.DefaultMavenResourcesFiltering - Copying 0 resource
2023-03-09 05:33:11,300 [Worker-38: Updating Maven Project] INFO  o.a.m.s.f.DefaultMavenResourcesFiltering - skip non existing resourceDirectory C:\craft\java-full-stack-main\CapStone Project\Team\cloud-config\src\test\resources
2023-03-09 05:33:11,884 [Worker-38: Updating Maven Project] INFO  o.e.m.c.i.p.ProjectConfigurationManager - Update completed: 3 sec
2023-03-09 05:33:58,556 [Worker-37: Import Getting Started Content] INFO  o.e.m.c.i.l.LifecycleMappingFactory - Using org.eclipse.m2e.jdt.JarLifecycleMapping lifecycle mapping for MavenProject: com.craft.cloud-config:cloud-config-1:0.0.1-SNAPSHOT @ C:\craft\java-full-stack-main\CapStone Project\Team\cloud-config-1\pom.xml.
2023-03-09 05:33:59,240 [Worker-37: Import Getting Started Content] INFO  o.e.m.j.i.AbstractJavaProjectConfigurator - Adding source folder /cloud-config-1/src/main/java
2023-03-09 05:33:59,240 [Worker-37: Import Getting Started Content] INFO  o.e.m.j.i.AbstractJavaProjectConfigurator - Adding resource folder /cloud-config-1/src/main/resources
2023-03-09 05:33:59,248 [Worker-37: Import Getting Started Content] INFO  o.e.m.j.i.AbstractJavaProjectConfigurator - Adding resource folder /cloud-config-1/src/main/resources
2023-03-09 05:33:59,250 [Worker-37: Import Getting Started Content] INFO  o.e.m.j.i.AbstractJavaProjectConfigurator - Adding source folder /cloud-config-1/src/test/java
2023-03-09 05:33:59,861 [Worker-37: Import Getting Started Content] INFO  o.a.m.s.f.DefaultMavenResourcesFiltering - Copying 1 resource
2023-03-09 05:33:59,879 [Worker-37: Import Getting Started Content] INFO  o.a.m.s.f.DefaultMavenResourcesFiltering - Copying 0 resource
2023-03-09 05:33:59,882 [Worker-37: Import Getting Started Content] INFO  o.a.m.s.f.DefaultMavenResourcesFiltering - skip non existing resourceDirectory C:\craft\java-full-stack-main\CapStone Project\Team\cloud-config-1\src\test\resources
2023-03-09 05:34:00,648 [Worker-37: Import Getting Started Content] INFO  o.e.m.c.i.p.ProjectConfigurationManager - Imported and configured 1 project(s) in 2 sec
2023-03-09 05:34:00,649 [Worker-37: Import Getting Started Content] INFO  o.e.m.c.i.p.ProjectConfigurationManager - Update started
2023-03-09 05:34:01,085 [Worker-37: Import Getting Started Content] INFO  o.e.m.c.i.l.LifecycleMappingFactory - Using org.eclipse.m2e.jdt.JarLifecycleMapping lifecycle mapping for MavenProject: com.craft.cloud-config:cloud-config-1:0.0.1-SNAPSHOT @ C:\craft\java-full-stack-main\CapStone Project\Team\cloud-config-1\pom.xml.
2023-03-09 05:34:02,803 [Worker-37: Import Getting Started Content] INFO  o.e.m.j.i.AbstractJavaProjectConfigurator - Adding source folder /cloud-config-1/src/main/java
2023-03-09 05:34:02,803 [Worker-37: Import Getting Started Content] INFO  o.e.m.j.i.AbstractJavaProjectConfigurator - Adding resource folder /cloud-config-1/src/main/resources
2023-03-09 05:34:02,803 [Worker-37: Import Getting Started Content] INFO  o.e.m.j.i.AbstractJavaProjectConfigurator - Adding resource folder /cloud-config-1/src/main/resources
2023-03-09 05:34:02,804 [Worker-37: Import Getting Started Content] INFO  o.e.m.j.i.AbstractJavaProjectConfigurator - Adding source folder /cloud-config-1/src/test/java
2023-03-09 05:34:03,877 [Worker-37: Import Getting Started Content] INFO  o.a.m.s.f.DefaultMavenResourcesFiltering - Copying 1 resource
2023-03-09 05:34:03,895 [Worker-37: Import Getting Started Content] INFO  o.a.m.s.f.DefaultMavenResourcesFiltering - Copying 0 resource
2023-03-09 05:34:03,898 [Worker-37: Import Getting Started Content] INFO  o.a.m.s.f.DefaultMavenResourcesFiltering - skip non existing resourceDirectory C:\craft\java-full-stack-main\CapStone Project\Team\cloud-config-1\src\test\resources
2023-03-09 05:34:04,590 [Worker-37: Import Getting Started Content] INFO  o.e.m.c.i.p.ProjectConfigurationManager - Update completed: 3 sec
2023-03-09 05:35:26,474 [Worker-42: Launching naming-service - NamingServiceApplication] INFO  o.a.m.s.f.DefaultMavenResourcesFiltering - Copying 2 resources
2023-03-09 05:35:26,477 [Worker-42: Launching naming-service - NamingServiceApplication] INFO  o.a.m.s.f.DefaultMavenResourcesFiltering - Copying 0 resource
2023-03-09 05:35:26,480 [Worker-42: Launching naming-service - NamingServiceApplication] INFO  o.a.m.s.f.DefaultMavenResourcesFiltering - skip non existing resourceDirectory C:\craft\java-full-stack-main\CapStone Project\Team\naming-service\src\test\resources
2023-03-09 05:35:40,563 [Worker-37: Launching cloud-config-1 - CloudConfig1Application] INFO  o.a.m.s.f.DefaultMavenResourcesFiltering - Copying 2 resources
2023-03-09 05:35:40,571 [Worker-37: Launching cloud-config-1 - CloudConfig1Application] INFO  o.a.m.s.f.DefaultMavenResourcesFiltering - Copying 0 resource
2023-03-09 05:35:40,573 [Worker-37: Launching cloud-config-1 - CloudConfig1Application] INFO  o.a.m.s.f.DefaultMavenResourcesFiltering - skip non existing resourceDirectory C:\craft\java-full-stack-main\CapStone Project\Team\cloud-config-1\src\test\resources
2023-03-09 05:42:32,373 [Worker-0: Loading available Gradle versions] INFO  o.e.b.c.i.u.g.PublishedGradleVersions - Gradle version information cache is up-to-date. Trying to read.
2023-03-09 05:42:57,956 [Worker-0: Importing Maven projects] INFO  o.e.m.c.i.l.LifecycleMappingFactory - Using org.eclipse.m2e.jdt.JarLifecycleMapping lifecycle mapping for MavenProject: com.cloud-config:cloud-config-server:0.0.1-SNAPSHOT @ C:\Users\robel\Downloads\cloud-config-server\cloud-config-server\pom.xml.
2023-03-09 05:42:59,470 [Worker-0: Importing Maven projects] INFO  o.e.m.j.i.AbstractJavaProjectConfigurator - Adding source folder /cloud-config-server/src/main/java
2023-03-09 05:42:59,470 [Worker-0: Importing Maven projects] INFO  o.e.m.j.i.AbstractJavaProjectConfigurator - Adding resource folder /cloud-config-server/src/main/resources
2023-03-09 05:42:59,474 [Worker-0: Importing Maven projects] INFO  o.e.m.j.i.AbstractJavaProjectConfigurator - Adding resource folder /cloud-config-server/src/main/resources
2023-03-09 05:42:59,478 [Worker-0: Importing Maven projects] INFO  o.e.m.j.i.AbstractJavaProjectConfigurator - Adding source folder /cloud-config-server/src/test/java
2023-03-09 05:43:00,753 [Worker-0: Importing Maven projects] INFO  o.a.m.s.f.DefaultMavenResourcesFiltering - Copying 1 resource
2023-03-09 05:43:00,790 [Worker-0: Importing Maven projects] INFO  o.a.m.s.f.DefaultMavenResourcesFiltering - Copying 0 resource
2023-03-09 05:43:00,803 [Worker-0: Importing Maven projects] INFO  o.a.m.s.f.DefaultMavenResourcesFiltering - skip non existing resourceDirectory C:\Users\robel\Downloads\cloud-config-server\cloud-config-server\src\test\resources
2023-03-09 05:43:03,017 [Worker-0: Importing Maven projects] INFO  o.e.m.c.i.p.ProjectConfigurationManager - Imported and configured 1 project(s) in 7 sec
2023-03-09 05:44:13,966 [Worker-10: Updating Maven Project] INFO  o.e.m.c.i.p.ProjectConfigurationManager - Update started
2023-03-09 05:44:14,907 [Worker-10: Updating Maven Project] INFO  o.e.m.c.i.l.LifecycleMappingFactory - Using org.eclipse.m2e.jdt.JarLifecycleMapping lifecycle mapping for MavenProject: com.cloud-config:cloud-config-server:0.0.1-SNAPSHOT @ C:\Users\robel\Downloads\cloud-config-server\cloud-config-server\pom.xml.
2023-03-09 05:44:16,161 [Worker-10: Updating Maven Project] INFO  o.e.m.j.i.AbstractJavaProjectConfigurator - Adding source folder /cloud-config-server/src/main/java
2023-03-09 05:44:16,162 [Worker-10: Updating Maven Project] INFO  o.e.m.j.i.AbstractJavaProjectConfigurator - Adding resource folder /cloud-config-server/src/main/resources
2023-03-09 05:44:16,163 [Worker-10: Updating Maven Project] INFO  o.e.m.j.i.AbstractJavaProjectConfigurator - Adding resource folder /cloud-config-server/src/main/resources
2023-03-09 05:44:16,163 [Worker-10: Updating Maven Project] INFO  o.e.m.j.i.AbstractJavaProjectConfigurator - Adding source folder /cloud-config-server/src/test/java
2023-03-09 05:44:17,887 [Worker-10: Updating Maven Project] INFO  o.a.m.s.f.DefaultMavenResourcesFiltering - Copying 2 resources
2023-03-09 05:44:17,914 [Worker-10: Updating Maven Project] INFO  o.a.m.s.f.DefaultMavenResourcesFiltering - Copying 0 resource
2023-03-09 05:44:17,921 [Worker-10: Updating Maven Project] INFO  o.a.m.s.f.DefaultMavenResourcesFiltering - skip non existing resourceDirectory C:\Users\robel\Downloads\cloud-config-server\cloud-config-server\src\test\resources
2023-03-09 05:44:18,924 [Worker-10: Updating Maven Project] INFO  o.e.m.c.i.p.ProjectConfigurationManager - Update completed: 4 sec
2023-03-09 05:52:09,416 [Worker-6: Updating Maven Project] INFO  o.e.m.c.i.p.ProjectConfigurationManager - Update started
2023-03-09 05:52:09,956 [Worker-6: Updating Maven Project] INFO  o.e.m.c.i.l.LifecycleMappingFactory - Using org.eclipse.m2e.jdt.JarLifecycleMapping lifecycle mapping for MavenProject: com.craft.Employee:Employee-service:0.0.1-SNAPSHOT @ C:\craft\java-full-stack-main\CapStone Project\Team\Employee-service\pom.xml.
2023-03-09 05:52:10,283 [Worker-6: Updating Maven Project] INFO  o.e.m.c.i.l.LifecycleMappingFactory - Using org.eclipse.m2e.jdt.JarLifecycleMapping lifecycle mapping for MavenProject: com.craft.api-gatway:api-gatway:0.0.1-SNAPSHOT @ C:\craft\java-full-stack-main\CapStone Project\Team\api-gatway\pom.xml.
2023-03-09 05:52:10,411 [Worker-6: Updating Maven Project] INFO  o.e.m.c.i.l.LifecycleMappingFactory - Using org.eclipse.m2e.jdt.JarLifecycleMapping lifecycle mapping for MavenProject: com.craft-Department-service:Department-service:0.0.1-SNAPSHOT @ C:\craft\java-full-stack-main\CapStone Project\Team\Department-service\pom.xml.
2023-03-09 05:52:11,280 [Worker-6: Updating Maven Project] INFO  o.a.m.s.f.DefaultMavenResourcesFiltering - Copying 2 resources
2023-03-09 05:52:11,286 [Worker-6: Updating Maven Project] INFO  o.a.m.s.f.DefaultMavenResourcesFiltering - Copying 1 resource
2023-03-09 05:52:11,292 [Worker-6: Updating Maven Project] INFO  o.a.m.s.f.DefaultMavenResourcesFiltering - skip non existing resourceDirectory C:\craft\java-full-stack-main\CapStone Project\Team\Employee-service\src\test\resources
2023-03-09 05:52:13,224 [Worker-6: Updating Maven Project] INFO  o.e.m.j.i.AbstractJavaProjectConfigurator - Adding source folder /api-gatway/src/main/java
2023-03-09 05:52:13,225 [Worker-6: Updating Maven Project] INFO  o.e.m.j.i.AbstractJavaProjectConfigurator - Adding resource folder /api-gatway/src/main/resources
2023-03-09 05:52:13,225 [Worker-6: Updating Maven Project] INFO  o.e.m.j.i.AbstractJavaProjectConfigurator - Adding resource folder /api-gatway/src/main/resources
2023-03-09 05:52:13,225 [Worker-6: Updating Maven Project] INFO  o.e.m.j.i.AbstractJavaProjectConfigurator - Adding source folder /api-gatway/src/test/java
2023-03-09 05:52:15,299 [Worker-6: Updating Maven Project] INFO  o.a.m.s.f.DefaultMavenResourcesFiltering - Copying 2 resources
2023-03-09 05:52:15,306 [Worker-6: Updating Maven Project] INFO  o.a.m.s.f.DefaultMavenResourcesFiltering - Copying 1 resource
2023-03-09 05:52:15,313 [Worker-6: Updating Maven Project] INFO  o.a.m.s.f.DefaultMavenResourcesFiltering - skip non existing resourceDirectory C:\craft\java-full-stack-main\CapStone Project\Team\api-gatway\src\test\resources
2023-03-09 05:52:15,422 [Worker-6: Updating Maven Project] INFO  o.e.m.j.i.AbstractJavaProjectConfigurator - Adding source folder /Department-service/src/main/java
2023-03-09 05:52:15,422 [Worker-6: Updating Maven Project] INFO  o.e.m.j.i.AbstractJavaProjectConfigurator - Adding resource folder /Department-service/src/main/resources
2023-03-09 05:52:15,423 [Worker-6: Updating Maven Project] INFO  o.e.m.j.i.AbstractJavaProjectConfigurator - Adding resource folder /Department-service/src/main/resources
2023-03-09 05:52:15,423 [Worker-6: Updating Maven Project] INFO  o.e.m.j.i.AbstractJavaProjectConfigurator - Adding source folder /Department-service/src/test/java
2023-03-09 05:52:16,858 [Worker-6: Updating Maven Project] INFO  o.a.m.s.f.DefaultMavenResourcesFiltering - Copying 2 resources
2023-03-09 05:52:16,861 [Worker-6: Updating Maven Project] INFO  o.a.m.s.f.DefaultMavenResourcesFiltering - Copying 1 resource
2023-03-09 05:52:16,864 [Worker-6: Updating Maven Project] INFO  o.a.m.s.f.DefaultMavenResourcesFiltering - skip non existing resourceDirectory C:\craft\java-full-stack-main\CapStone Project\Team\Department-service\src\test\resources
2023-03-09 05:52:17,011 [Worker-6: Updating Maven Project] INFO  o.e.m.j.i.AbstractJavaProjectConfigurator - Adding source folder /Employee-service/src/main/java
2023-03-09 05:52:17,011 [Worker-6: Updating Maven Project] INFO  o.e.m.j.i.AbstractJavaProjectConfigurator - Adding resource folder /Employee-service/src/main/resources
2023-03-09 05:52:17,013 [Worker-6: Updating Maven Project] INFO  o.e.m.j.i.AbstractJavaProjectConfigurator - Adding resource folder /Employee-service/src/main/resources
2023-03-09 05:52:17,014 [Worker-6: Updating Maven Project] INFO  o.e.m.j.i.AbstractJavaProjectConfigurator - Adding source folder /Employee-service/src/test/java
2023-03-09 05:52:18,448 [Worker-6: Updating Maven Project] INFO  o.a.m.s.f.DefaultMavenResourcesFiltering - Copying 2 resources
2023-03-09 05:52:18,451 [Worker-6: Updating Maven Project] INFO  o.a.m.s.f.DefaultMavenResourcesFiltering - Copying 1 resource
2023-03-09 05:52:18,461 [Worker-6: Updating Maven Project] INFO  o.a.m.s.f.DefaultMavenResourcesFiltering - skip non existing resourceDirectory C:\craft\java-full-stack-main\CapStone Project\Team\Employee-service\src\test\resources
2023-03-09 05:52:19,237 [Worker-6: Updating Maven Project] INFO  o.e.m.c.i.p.ProjectConfigurationManager - Update completed: 9 sec
2023-03-09 05:52:47,629 [Worker-10: Updating Maven Project] INFO  o.e.m.c.i.p.ProjectConfigurationManager - Update started
2023-03-09 05:52:47,878 [Worker-10: Updating Maven Project] INFO  o.e.m.c.i.l.LifecycleMappingFactory - Using org.eclipse.m2e.jdt.JarLifecycleMapping lifecycle mapping for MavenProject: com.craft-Department-service:Department-service:0.0.1-SNAPSHOT @ C:\craft\java-full-stack-main\CapStone Project\Team\Department-service\pom.xml.
2023-03-09 05:52:48,610 [Worker-10: Updating Maven Project] INFO  o.e.m.j.i.AbstractJavaProjectConfigurator - Adding source folder /Department-service/src/main/java
2023-03-09 05:52:48,611 [Worker-10: Updating Maven Project] INFO  o.e.m.j.i.AbstractJavaProjectConfigurator - Adding resource folder /Department-service/src/main/resources
2023-03-09 05:52:48,613 [Worker-10: Updating Maven Project] INFO  o.e.m.j.i.AbstractJavaProjectConfigurator - Adding resource folder /Department-service/src/main/resources
2023-03-09 05:52:48,613 [Worker-10: Updating Maven Project] INFO  o.e.m.j.i.AbstractJavaProjectConfigurator - Adding source folder /Department-service/src/test/java
2023-03-09 05:52:49,344 [Worker-10: Updating Maven Project] INFO  o.a.m.s.f.DefaultMavenResourcesFiltering - Copying 2 resources
2023-03-09 05:52:49,348 [Worker-10: Updating Maven Project] INFO  o.a.m.s.f.DefaultMavenResourcesFiltering - Copying 1 resource
2023-03-09 05:52:49,353 [Worker-10: Updating Maven Project] INFO  o.a.m.s.f.DefaultMavenResourcesFiltering - skip non existing resourceDirectory C:\craft\java-full-stack-main\CapStone Project\Team\Department-service\src\test\resources
2023-03-09 05:52:49,815 [Worker-10: Updating Maven Project] INFO  o.e.m.c.i.p.ProjectConfigurationManager - Update completed: 2 sec
2023-03-09 05:54:05,823 [Worker-27: Updating Maven Project] INFO  o.e.m.c.i.p.ProjectConfigurationManager - Update started
2023-03-09 05:54:06,254 [Worker-27: Updating Maven Project] INFO  o.e.m.c.i.l.LifecycleMappingFactory - Using org.eclipse.m2e.jdt.JarLifecycleMapping lifecycle mapping for MavenProject: com.craft.api-gatway:api-gatway:0.0.1-SNAPSHOT @ C:\craft\java-full-stack-main\CapStone Project\Team\api-gatway\pom.xml.
2023-03-09 05:54:06,596 [Worker-27: Updating Maven Project] INFO  o.e.m.c.i.l.LifecycleMappingFactory - Using org.eclipse.m2e.jdt.JarLifecycleMapping lifecycle mapping for MavenProject: com.craft-Department-service:Department-service:0.0.1-SNAPSHOT @ C:\craft\java-full-stack-main\CapStone Project\Team\Department-service\pom.xml.
2023-03-09 05:54:07,318 [Worker-27: Updating Maven Project] INFO  o.a.m.s.f.DefaultMavenResourcesFiltering - Copying 2 resources
2023-03-09 05:54:07,349 [Worker-27: Updating Maven Project] INFO  o.a.m.s.f.DefaultMavenResourcesFiltering - Copying 1 resource
2023-03-09 05:54:07,362 [Worker-27: Updating Maven Project] INFO  o.a.m.s.f.DefaultMavenResourcesFiltering - skip non existing resourceDirectory C:\craft\java-full-stack-main\CapStone Project\Team\Department-service\src\test\resources
2023-03-09 05:54:08,071 [Worker-27: Updating Maven Project] INFO  o.e.m.j.i.AbstractJavaProjectConfigurator - Adding source folder /api-gatway/src/main/java
2023-03-09 05:54:08,072 [Worker-27: Updating Maven Project] INFO  o.e.m.j.i.AbstractJavaProjectConfigurator - Adding resource folder /api-gatway/src/main/resources
2023-03-09 05:54:08,072 [Worker-27: Updating Maven Project] INFO  o.e.m.j.i.AbstractJavaProjectConfigurator - Adding resource folder /api-gatway/src/main/resources
2023-03-09 05:54:08,072 [Worker-27: Updating Maven Project] INFO  o.e.m.j.i.AbstractJavaProjectConfigurator - Adding source folder /api-gatway/src/test/java
2023-03-09 05:54:09,261 [Worker-27: Updating Maven Project] INFO  o.a.m.s.f.DefaultMavenResourcesFiltering - Copying 2 resources
2023-03-09 05:54:09,265 [Worker-27: Updating Maven Project] INFO  o.a.m.s.f.DefaultMavenResourcesFiltering - Copying 1 resource
2023-03-09 05:54:09,272 [Worker-27: Updating Maven Project] INFO  o.a.m.s.f.DefaultMavenResourcesFiltering - skip non existing resourceDirectory C:\craft\java-full-stack-main\CapStone Project\Team\api-gatway\src\test\resources
2023-03-09 05:54:09,701 [Worker-27: Updating Maven Project] INFO  o.e.m.c.i.p.ProjectConfigurationManager - Update completed: 3 sec
2023-03-09 05:55:12,883 [Worker-10: Updating Maven Project] INFO  o.e.m.c.i.p.ProjectConfigurationManager - Update started
2023-03-09 05:55:13,149 [Worker-10: Updating Maven Project] INFO  o.e.m.c.i.l.LifecycleMappingFactory - Using org.eclipse.m2e.jdt.JarLifecycleMapping lifecycle mapping for MavenProject: com.craft.api-gatway:api-gatway:0.0.1-SNAPSHOT @ C:\craft\java-full-stack-main\CapStone Project\Team\api-gatway\pom.xml.
2023-03-09 05:55:13,693 [Worker-10: Updating Maven Project] INFO  o.a.m.s.f.DefaultMavenResourcesFiltering - Copying 2 resources
2023-03-09 05:55:13,697 [Worker-10: Updating Maven Project] INFO  o.a.m.s.f.DefaultMavenResourcesFiltering - Copying 1 resource
2023-03-09 05:55:13,701 [Worker-10: Updating Maven Project] INFO  o.a.m.s.f.DefaultMavenResourcesFiltering - skip non existing resourceDirectory C:\craft\java-full-stack-main\CapStone Project\Team\api-gatway\src\test\resources
2023-03-09 05:55:14,147 [Worker-10: Updating Maven Project] INFO  o.e.m.j.i.AbstractJavaProjectConfigurator - Adding source folder /api-gatway/src/main/java
2023-03-09 05:55:14,148 [Worker-10: Updating Maven Project] INFO  o.e.m.j.i.AbstractJavaProjectConfigurator - Adding resource folder /api-gatway/src/main/resources
2023-03-09 05:55:14,148 [Worker-10: Updating Maven Project] INFO  o.e.m.j.i.AbstractJavaProjectConfigurator - Adding resource folder /api-gatway/src/main/resources
2023-03-09 05:55:14,148 [Worker-10: Updating Maven Project] INFO  o.e.m.j.i.AbstractJavaProjectConfigurator - Adding source folder /api-gatway/src/test/java
2023-03-09 05:55:15,176 [Worker-10: Updating Maven Project] INFO  o.a.m.s.f.DefaultMavenResourcesFiltering - Copying 2 resources
2023-03-09 05:55:15,180 [Worker-10: Updating Maven Project] INFO  o.a.m.s.f.DefaultMavenResourcesFiltering - Copying 1 resource
2023-03-09 05:55:15,183 [Worker-10: Updating Maven Project] INFO  o.a.m.s.f.DefaultMavenResourcesFiltering - skip non existing resourceDirectory C:\craft\java-full-stack-main\CapStone Project\Team\api-gatway\src\test\resources
2023-03-09 05:55:15,657 [Worker-10: Updating Maven Project] INFO  o.e.m.c.i.p.ProjectConfigurationManager - Update completed: 2 sec
2023-03-09 05:55:37,520 [Worker-9: Updating Maven Project] INFO  o.e.m.c.i.p.ProjectConfigurationManager - Update started
2023-03-09 05:55:37,748 [Worker-9: Updating Maven Project] INFO  o.e.m.c.i.l.LifecycleMappingFactory - Using org.eclipse.m2e.jdt.JarLifecycleMapping lifecycle mapping for MavenProject: com.craft-Department-service:Department-service:0.0.1-SNAPSHOT @ C:\craft\java-full-stack-main\CapStone Project\Team\Department-service\pom.xml.
2023-03-09 05:55:38,379 [Worker-9: Updating Maven Project] INFO  o.e.m.j.i.AbstractJavaProjectConfigurator - Adding source folder /Department-service/src/main/java
2023-03-09 05:55:38,379 [Worker-9: Updating Maven Project] INFO  o.e.m.j.i.AbstractJavaProjectConfigurator - Adding resource folder /Department-service/src/main/resources
2023-03-09 05:55:38,379 [Worker-9: Updating Maven Project] INFO  o.e.m.j.i.AbstractJavaProjectConfigurator - Adding resource folder /Department-service/src/main/resources
2023-03-09 05:55:38,380 [Worker-9: Updating Maven Project] INFO  o.e.m.j.i.AbstractJavaProjectConfigurator - Adding source folder /Department-service/src/test/java
2023-03-09 05:55:39,007 [Worker-9: Updating Maven Project] INFO  o.a.m.s.f.DefaultMavenResourcesFiltering - Copying 2 resources
2023-03-09 05:55:39,011 [Worker-9: Updating Maven Project] INFO  o.a.m.s.f.DefaultMavenResourcesFiltering - Copying 1 resource
2023-03-09 05:55:39,017 [Worker-9: Updating Maven Project] INFO  o.a.m.s.f.DefaultMavenResourcesFiltering - skip non existing resourceDirectory C:\craft\java-full-stack-main\CapStone Project\Team\Department-service\src\test\resources
2023-03-09 05:55:39,539 [Worker-9: Updating Maven Project] INFO  o.e.m.c.i.p.ProjectConfigurationManager - Update completed: 2 sec
2023-03-09 05:57:11,001 [Worker-27: Launching Employee-service - EmployeeServiceApplication] INFO  o.a.m.s.f.DefaultMavenResourcesFiltering - Copying 2 resources
2023-03-09 05:57:11,025 [Worker-27: Launching Employee-service - EmployeeServiceApplication] INFO  o.a.m.s.f.DefaultMavenResourcesFiltering - Copying 1 resource
2023-03-09 05:57:11,030 [Worker-27: Launching Employee-service - EmployeeServiceApplication] INFO  o.a.m.s.f.DefaultMavenResourcesFiltering - skip non existing resourceDirectory C:\craft\java-full-stack-main\CapStone Project\Team\Employee-service\src\test\resources
2023-03-09 05:57:13,395 [Worker-2: Launching Department-service intance 2 - DepartmentServiceApplication] INFO  o.a.m.s.f.DefaultMavenResourcesFiltering - Copying 2 resources
2023-03-09 05:57:13,399 [Worker-2: Launching Department-service intance 2 - DepartmentServiceApplication] INFO  o.a.m.s.f.DefaultMavenResourcesFiltering - Copying 1 resource
2023-03-09 05:57:13,403 [Worker-2: Launching Department-service intance 2 - DepartmentServiceApplication] INFO  o.a.m.s.f.DefaultMavenResourcesFiltering - skip non existing resourceDirectory C:\craft\java-full-stack-main\CapStone Project\Team\Department-service\src\test\resources
2023-03-09 05:57:17,078 [Worker-28: Launching cloud-config-server - CloudConfigServerApplication] INFO  o.a.m.s.f.DefaultMavenResourcesFiltering - Copying 2 resources
2023-03-09 05:57:17,082 [Worker-28: Launching cloud-config-server - CloudConfigServerApplication] INFO  o.a.m.s.f.DefaultMavenResourcesFiltering - Copying 0 resource
2023-03-09 05:57:17,084 [Worker-28: Launching cloud-config-server - CloudConfigServerApplication] INFO  o.a.m.s.f.DefaultMavenResourcesFiltering - skip non existing resourceDirectory C:\Users\robel\Downloads\cloud-config-server\cloud-config-server\src\test\resources
2023-03-09 05:57:19,444 [Worker-9: Launching api-gatway - ApiGatwayApplication] INFO  o.a.m.s.f.DefaultMavenResourcesFiltering - Copying 2 resources
2023-03-09 05:57:19,448 [Worker-9: Launching api-gatway - ApiGatwayApplication] INFO  o.a.m.s.f.DefaultMavenResourcesFiltering - Copying 1 resource
2023-03-09 05:57:19,452 [Worker-9: Launching api-gatway - ApiGatwayApplication] INFO  o.a.m.s.f.DefaultMavenResourcesFiltering - skip non existing resourceDirectory C:\craft\java-full-stack-main\CapStone Project\Team\api-gatway\src\test\resources
2023-03-09 06:20:49,663 [Worker-27: Updating Maven Project] INFO  o.e.m.c.i.p.ProjectConfigurationManager - Update started
2023-03-09 06:20:49,907 [Worker-27: Updating Maven Project] INFO  o.e.m.c.i.l.LifecycleMappingFactory - Using org.eclipse.m2e.jdt.JarLifecycleMapping lifecycle mapping for MavenProject: com.craft.Employee:Employee-service:0.0.1-SNAPSHOT @ C:\craft\java-full-stack-main\CapStone Project\Team\Employee-service\pom.xml.
2023-03-09 06:20:50,505 [Worker-27: Updating Maven Project] INFO  o.e.m.j.i.AbstractJavaProjectConfigurator - Adding source folder /Employee-service/src/main/java
2023-03-09 06:20:50,505 [Worker-27: Updating Maven Project] INFO  o.e.m.j.i.AbstractJavaProjectConfigurator - Adding resource folder /Employee-service/src/main/resources
2023-03-09 06:20:50,505 [Worker-27: Updating Maven Project] INFO  o.e.m.j.i.AbstractJavaProjectConfigurator - Adding resource folder /Employee-service/src/main/resources
2023-03-09 06:20:50,505 [Worker-27: Updating Maven Project] INFO  o.e.m.j.i.AbstractJavaProjectConfigurator - Adding source folder /Employee-service/src/test/java
2023-03-09 06:20:51,574 [Worker-27: Updating Maven Project] INFO  o.a.m.s.f.DefaultMavenResourcesFiltering - Copying 2 resources
2023-03-09 06:20:51,578 [Worker-27: Updating Maven Project] INFO  o.a.m.s.f.DefaultMavenResourcesFiltering - Copying 1 resource
2023-03-09 06:20:51,580 [Worker-27: Updating Maven Project] INFO  o.a.m.s.f.DefaultMavenResourcesFiltering - skip non existing resourceDirectory C:\craft\java-full-stack-main\CapStone Project\Team\Employee-service\src\test\resources
2023-03-09 06:20:52,255 [Worker-27: Updating Maven Project] INFO  o.e.m.c.i.p.ProjectConfigurationManager - Update completed: 2 sec
2023-03-09 06:23:33,116 [Worker-34: Updating Maven Project] INFO  o.e.m.c.i.p.ProjectConfigurationManager - Update started
2023-03-09 06:23:33,417 [Worker-34: Updating Maven Project] INFO  o.e.m.c.i.l.LifecycleMappingFactory - Using org.eclipse.m2e.jdt.JarLifecycleMapping lifecycle mapping for MavenProject: com.craft.Employee:Employee-service:0.0.1-SNAPSHOT @ C:\craft\java-full-stack-main\CapStone Project\Team\Employee-service\pom.xml.
2023-03-09 06:23:33,797 [Worker-34: Updating Maven Project] INFO  o.a.m.s.f.DefaultMavenResourcesFiltering - Copying 2 resources
2023-03-09 06:23:33,799 [Worker-34: Updating Maven Project] INFO  o.a.m.s.f.DefaultMavenResourcesFiltering - Copying 1 resource
2023-03-09 06:23:33,806 [Worker-34: Updating Maven Project] INFO  o.a.m.s.f.DefaultMavenResourcesFiltering - skip non existing resourceDirectory C:\craft\java-full-stack-main\CapStone Project\Team\Employee-service\src\test\resources
2023-03-09 06:23:34,312 [Worker-34: Updating Maven Project] INFO  o.e.m.j.i.AbstractJavaProjectConfigurator - Adding source folder /Employee-service/src/main/java
2023-03-09 06:23:34,313 [Worker-34: Updating Maven Project] INFO  o.e.m.j.i.AbstractJavaProjectConfigurator - Adding resource folder /Employee-service/src/main/resources
2023-03-09 06:23:34,313 [Worker-34: Updating Maven Project] INFO  o.e.m.j.i.AbstractJavaProjectConfigurator - Adding resource folder /Employee-service/src/main/resources
2023-03-09 06:23:34,313 [Worker-34: Updating Maven Project] INFO  o.e.m.j.i.AbstractJavaProjectConfigurator - Adding source folder /Employee-service/src/test/java
2023-03-09 06:23:35,187 [Worker-34: Updating Maven Project] INFO  o.a.m.s.f.DefaultMavenResourcesFiltering - Copying 2 resources
2023-03-09 06:23:35,190 [Worker-34: Updating Maven Project] INFO  o.a.m.s.f.DefaultMavenResourcesFiltering - Copying 1 resource
2023-03-09 06:23:35,194 [Worker-34: Updating Maven Project] INFO  o.a.m.s.f.DefaultMavenResourcesFiltering - skip non existing resourceDirectory C:\craft\java-full-stack-main\CapStone Project\Team\Employee-service\src\test\resources
2023-03-09 06:23:35,629 [Worker-34: Updating Maven Project] INFO  o.e.m.c.i.p.ProjectConfigurationManager - Update completed: 2 sec
2023-03-09 06:31:50,732 [Worker-36: Launching Employee-service - EmployeeServiceApplication] INFO  o.a.m.s.f.DefaultMavenResourcesFiltering - Copying 2 resources
2023-03-09 06:31:50,737 [Worker-36: Launching Employee-service - EmployeeServiceApplication] INFO  o.a.m.s.f.DefaultMavenResourcesFiltering - Copying 1 resource
2023-03-09 06:31:50,742 [Worker-36: Launching Employee-service - EmployeeServiceApplication] INFO  o.a.m.s.f.DefaultMavenResourcesFiltering - skip non existing resourceDirectory C:\craft\java-full-stack-main\CapStone Project\Team\Employee-service\src\test\resources
2023-03-09 06:32:47,752 [Worker-33: Launching naming-service - NamingServiceApplication] INFO  o.e.m.c.i.l.LifecycleMappingFactory - Using org.eclipse.m2e.jdt.JarLifecycleMapping lifecycle mapping for MavenProject: com.craft.naming-service:naming-service:0.0.1-SNAPSHOT @ C:\craft\java-full-stack-main\CapStone Project\Team\naming-service\pom.xml.
2023-03-09 06:32:48,066 [Worker-33: Launching naming-service - NamingServiceApplication] INFO  o.a.m.s.f.DefaultMavenResourcesFiltering - Copying 2 resources
2023-03-09 06:32:48,096 [Worker-33: Launching naming-service - NamingServiceApplication] INFO  o.a.m.s.f.DefaultMavenResourcesFiltering - Copying 0 resource
2023-03-09 06:32:48,101 [Worker-33: Launching naming-service - NamingServiceApplication] INFO  o.a.m.s.f.DefaultMavenResourcesFiltering - skip non existing resourceDirectory C:\craft\java-full-stack-main\CapStone Project\Team\naming-service\src\test\resources
2023-03-09 06:34:34,078 [Worker-35: Launching naming-service - NamingServiceApplication] INFO  o.a.m.s.f.DefaultMavenResourcesFiltering - Copying 2 resources
2023-03-09 06:34:34,081 [Worker-35: Launching naming-service - NamingServiceApplication] INFO  o.a.m.s.f.DefaultMavenResourcesFiltering - Copying 0 resource
2023-03-09 06:34:34,084 [Worker-35: Launching naming-service - NamingServiceApplication] INFO  o.a.m.s.f.DefaultMavenResourcesFiltering - skip non existing resourceDirectory C:\craft\java-full-stack-main\CapStone Project\Team\naming-service\src\test\resources
